<?xml version="1.0" encoding="UTF-8"?>
<testsuite xmlns:xsi="http://www.w3.org/2001/XMLSchema-instance" xsi:noNamespaceSchemaLocation="https://maven.apache.org/surefire/maven-surefire-plugin/xsd/surefire-test-report.xsd" name="com.example.dupTest" time="0.004" tests="5" errors="0" skipped="0" failures="0">
  <properties>
[...]
</properties>
  <testcase name="com.example.dupTest.test1" classname="com.example.dupTest" time="0.001"/>
  <testcase name="com.example.dupTest.test2" classname="com.example.dupTest" time="0"/>
  <testcase name="com.example.dupTest.test3" classname="com.example.dupTest" time="0"/>
  <testcase name="com.example.dupTest.test4" classname="com.example.dupTest" time="0"/>
  <testcase name="com.example.dupTest.test5" classname="com.example.dupTest" time="0"/>
</testsuite>